[2024-09-10T12:29:29.080430+02:00] ipt10.WARNING: [YOUR COMPLETE NAME] [] []
[2024-09-10T12:29:29.109085+02:00] ipt10.ERROR: [YOUR EMAIL ADDRESS] [] []
[2024-09-10T12:29:29.109154+02:00] ipt10.INFO: Profile {"student_number":"[YOUR STUDENT NUMBER]","college":"[COLLEGE NAME]","program":"[PROGRAM NAME]","university":"[UNIVERSITY NAME]"} []
[2024-09-10T12:29:29.109247+02:00] ipt10.INFO: Data [100,345,4563,65,234,6734,-99] []
[2024-09-10T12:29:29.109295+02:00] ipt10.INFO: Average {"average":1706} []
[2024-09-10T12:29:29.109330+02:00] ipt10.INFO: Largest {"largest":6734} []
[2024-09-10T12:29:29.109421+02:00] ipt10.INFO: Smallest {"smallest":-99} []
[2024-09-10T12:29:29.109495+02:00] ipt10.INFO: Object {"object":"O:9:\"TestClass\":1:{s:17:\"\u0000TestClass\u0000logger\";O:14:\"Monolog\\Logger\":8:{s:4:\"name\";s:10:\"TestLogger\";s:8:\"handlers\";a:0:{}s:10:\"processors\";a:0:{}s:21:\"microsecondTimestamps\";b:1;s:8:\"timezone\";O:12:\"DateTimeZone\":2:{s:13:\"timezone_type\";i:3;s:8:\"timezone\";s:13:\"Europe/Berlin\";}s:16:\"exceptionHandler\";N;s:8:\"logDepth\";i:0;s:12:\"detectCycles\";b:1;}}"} []
[2024-09-10T12:32:13.245426+02:00] ipt10.WARNING: John Doe [] []
[2024-09-10T12:32:13.246761+02:00] ipt10.ERROR: john.doe@example.com [] []
[2024-09-10T12:32:13.246794+02:00] ipt10.INFO: profile {"student_number":"123456","college":"Engineering","program":"Computer Science","university":"Sample University"} []
[2024-09-10T12:32:13.247279+02:00] ipt10.INFO: data [100,345,4563,65,234,6734,-99] []
[2024-09-10T12:32:13.247330+02:00] ipt10.INFO: object {"greeting":"Greetings to Jane Doe","average":1706,"largest":6734,"smallest":-99} []
[2024-09-10T12:49:13.628845+02:00] ipt10.WARNING: John Doe [] []
[2024-09-10T12:49:13.661665+02:00] ipt10.ERROR: john.doe@example.com [] []
[2024-09-10T12:49:13.661702+02:00] ipt10.INFO: profile {"student_number":"123456","college":"Engineering","program":"Computer Science","university":"Sample University"} []
[2024-09-10T12:49:13.661754+02:00] ipt10.INFO: data [100,345,4563,65,234,6734,-99] []
[2024-09-10T12:49:13.661785+02:00] ipt10.INFO: object {"greeting":"Greetings to Jane Doe","average":1706,"largest":6734,"smallest":-99} []
[2024-09-10T12:49:25.556726+02:00] ipt10.WARNING: John Doe [] []
[2024-09-10T12:49:25.557831+02:00] ipt10.ERROR: john.doe@example.com [] []
[2024-09-10T12:49:25.557864+02:00] ipt10.INFO: profile {"student_number":"123456","college":"Engineering","program":"Computer Science","university":"Sample University"} []
[2024-09-10T12:49:25.557911+02:00] ipt10.INFO: data [100,345,4563,65,234,6734,-99] []
[2024-09-10T12:49:25.557943+02:00] ipt10.INFO: object {"greeting":"Greetings to Jane Doe","average":1706,"largest":6734,"smallest":-99} []
